<?xml version="1.0" encoding="UTF-8"?>
<!-- Generated by org.testng.reporters.JUnitReportReporter -->
<testsuite ignored="0" hostname="DESKTOP-HUDDBR7" failures="0" tests="1" name="TestCases.TestCase02" time="70.770" errors="0" timestamp="01 Mar 2021 13:30:01 GMT" skipped="0">
  <testcase classname="TestCases.TestCase02" name="FindAllLinks" time="70.770"/>
</testsuite> <!-- TestCases.TestCase02 -->
