<?xml version="1.0" encoding="UTF-8"?>
<!-- Generated by org.testng.reporters.JUnitReportReporter -->
<testsuite ignored="0" hostname="DESKTOP-HUDDBR7" failures="0" tests="1" name="TestCases.TestCase01" time="82.973" errors="0" timestamp="01 Mar 2021 13:30:01 GMT" skipped="0">
  <testcase classname="TestCases.TestCase01" name="ORMLogin" time="82.973"/>
</testsuite> <!-- TestCases.TestCase01 -->
